
=== Tue Aug 31 15:24:32 2021

Packages were changed.
Update Mode: mergeDefaultDependencies

The following packages were updated:
  com.unity.2d.animation from version 5.0.6 to 5.0.7

=== Thu Jan 13 10:49:07 2022

Packages were changed.
Update Mode: updateDependencies

The following packages were updated:
  com.unity.2d.animation from version 5.0.6 to 5.0.9
  com.unity.2d.psdimporter from version 4.1.0 to 4.1.2
  com.unity.2d.spriteshape from version 5.1.4 to 5.1.6
  com.unity.collab-proxy from version 1.7.1 to 1.15.4
  com.unity.ide.visualstudio from version 2.0.11 to 2.0.12
  com.unity.ide.vscode from version 1.2.3 to 1.2.4
  com.unity.test-framework from version 1.1.27 to 1.1.29

=== Sun Jun 26 20:04:43 2022

Packages were changed.
Update Mode: updateDependencies

The following packages were updated:
  com.unity.2d.animation from version 5.0.9 to 7.0.6
  com.unity.2d.pixel-perfect from version 4.0.1 to 5.0.1
  com.unity.2d.psdimporter from version 4.1.2 to 6.0.4
  com.unity.2d.spriteshape from version 5.1.6 to 7.0.4
  com.unity.collab-proxy from version 1.15.4 to 1.15.18
  com.unity.ide.rider from version 2.0.7 to 3.0.14
  com.unity.ide.visualstudio from version 2.0.12 to 2.0.15
  com.unity.ide.vscode from version 1.2.4 to 1.2.5
  com.unity.test-framework from version 1.1.29 to 1.1.31
  com.unity.timeline from version 1.4.8 to 1.6.4

=== Tue Nov 15 16:11:04 2022

Packages were changed.
Update Mode: updateDependencies

The following packages were updated:
  com.unity.2d.spriteshape from version 7.0.4 to 7.0.5
  com.unity.collab-proxy from version 1.15.18 to 1.17.2
  com.unity.ide.rider from version 3.0.14 to 3.0.15
  com.unity.ide.visualstudio from version 2.0.15 to 2.0.16
